[debug] [2024-04-20T05:13:08.614Z] ----------------------------------------------------------------------
[debug] [2024-04-20T05:13:08.617Z] Command:       C:\Program Files\nodejs\node.exe C:\Users\gupta\AppData\Roaming\npm\node_modules\firebase-tools\lib\bin\firebase.js init
[debug] [2024-04-20T05:13:08.617Z] CLI Version:   13.7.3
[debug] [2024-04-20T05:13:08.618Z] Platform:      win32
[debug] [2024-04-20T05:13:08.618Z] Node Version:  v20.11.1
[debug] [2024-04-20T05:13:08.618Z] Time:          Sat Apr 20 2024 10:43:08 GMT+0530 (India Standard Time)
[debug] [2024-04-20T05:13:08.618Z] ----------------------------------------------------------------------
[debug] 
[debug] [2024-04-20T05:13:08.715Z] > command requires scopes: ["email","openid","https://www.googleapis.com/auth/cloudplatformprojects.readonly","https://www.googleapis.com/auth/firebase","https://www.googleapis.com/auth/cloud-platform"]
[debug] [2024-04-20T05:13:08.715Z] > authorizing via signed-in user (gupta.pulkit2408@gmail.com)
[info] 
     ######## #### ########  ######## ########     ###     ######  ########
     ##        ##  ##     ## ##       ##     ##  ##   ##  ##       ##
     ######    ##  ########  ######   ########  #########  ######  ######
     ##        ##  ##    ##  ##       ##     ## ##     ##       ## ##
     ##       #### ##     ## ######## ########  ##     ##  ######  ########

You're about to initialize a Firebase project in this directory:

  C:\Users\gupta\OneDrive\Desktop\New folder\pinterest-clone

Before we get started, keep in mind:

  * You are initializing within an existing Firebase project directory

